Start testing: Jul 01 05:04 中国标准时间
----------------------------------------------------------
1/1 Testing: oj_parser_tests
1/1 Test: oj_parser_tests
Command: "E:/csqt/build-mingw/oj_parser_tests.exe"
Directory: E:/csqt/build-mingw
"oj_parser_tests" start time: Jul 01 05:04 中国标准时间
Output:
----------------------------------------------------------
<end of output>
Test time =   0.03 sec
----------------------------------------------------------
Test Passed.
"oj_parser_tests" end time: Jul 01 05:04 中国标准时间
"oj_parser_tests" time elapsed: 00:00:00
----------------------------------------------------------

End testing: Jul 01 05:04 中国标准时间
